proguard/seeds.txt
com.android.appcms.BaseActivity
com.android.appcms.BaseActivity: BaseActivity()
com.android.appcms.BaseBroadcast
com.android.appcms.BaseBroadcast: BaseBroadcast()
com.android.appcms.BaseService
com.android.appcms.BaseService: BaseService()
com.android.appcms.BaseViewPage
com.android.appcms.BaseViewPage: BaseViewPage(android.content.Context)
com.android.appcms.BaseViewPage: BaseViewPage(android.content.Context,android.util.AttributeSet)
com.android.appcms.BaseViewPage: void setScrollble(boolean)
com.android.appcms.LogoActivity
com.android.appcms.LogoActivity: LogoActivity()
com.android.appcms.MyApplication
com.android.appcms.MyApplication: MyApplication()
com.android.appcms.R$anim: int zoomin
com.android.appcms.R$anim: int zoomout
com.android.appcms.R$attr: int bottom_height
com.android.appcms.R$attr: int bottom_width
com.android.appcms.R$attr: int left_height
com.android.appcms.R$attr: int left_width
com.android.appcms.R$attr: int right_height
com.android.appcms.R$attr: int right_width
com.android.appcms.R$attr: int top_height
com.android.appcms.R$attr: int top_width
com.android.appcms.R$color: int aliceblue
com.android.appcms.R$color: int antiquewhite
com.android.appcms.R$color: int aqua
com.android.appcms.R$color: int aquamarine
com.android.appcms.R$color: int azure
com.android.appcms.R$color: int beige
com.android.appcms.R$color: int bisque
com.android.appcms.R$color: int black
com.android.appcms.R$color: int blanchedalmond
com.android.appcms.R$color: int blue
com.android.appcms.R$color: int blueviolet
com.android.appcms.R$color: int bottomgreen
com.android.appcms.R$color: int brown
com.android.appcms.R$color: int burlywood
com.android.appcms.R$color: int cadetblue
com.android.appcms.R$color: int chartreuse
com.android.appcms.R$color: int chocolate
com.android.appcms.R$color: int coral
com.android.appcms.R$color: int cornflowerblue
com.android.appcms.R$color: int cornsilk
com.android.appcms.R$color: int crimson
com.android.appcms.R$color: int cyan
com.android.appcms.R$color: int darkblue
com.android.appcms.R$color: int darkcyan
com.android.appcms.R$color: int darkgoldenrod
com.android.appcms.R$color: int darkgray
com.android.appcms.R$color: int darkgreen
com.android.appcms.R$color: int darkgrey
com.android.appcms.R$color: int darkkhaki
com.android.appcms.R$color: int darkmagenta
com.android.appcms.R$color: int darkolivegreen
com.android.appcms.R$color: int darkorange
com.android.appcms.R$color: int darkorchid
com.android.appcms.R$color: int darkred
com.android.appcms.R$color: int darksalmon
com.android.appcms.R$dimen: int activity_horizontal_margin
com.android.appcms.R$dimen: int activity_vertical_margin
...
android.support.v4.app.BackStackState
android.support.v4.app.BackStackState: android.os.Parcelable$Creator CREATOR
android.support.v4.app.Fragment$SavedState
android.support.v4.app.Fragment$SavedState: android.os.Parcelable$Creator CREATOR
android.support.v4.app.FragmentActivity: FragmentActivity()
android.support.v4.app.FragmentManagerState
android.support.v4.app.FragmentManagerState: android.os.Parcelable$Creator CREATOR
android.support.v4.app.FragmentState
android.support.v4.app.FragmentState: android.os.Parcelable$Creator CREATOR
android.support.v4.app.FragmentTabHost: void setOnTabChangedListener(android.widget.TabHost$OnTabChangeListener)
android.support.v4.app.FragmentTabHost$SavedState
android.support.v4.app.FragmentTabHost$SavedState: android.os.Parcelable$Creator CREATOR
android.support.v4.content.ModernAsyncTask$Status: android.support.v4.content.ModernAsyncTask$Status[] values()
android.support.v4.content.ModernAsyncTask$Status: android.support.v4.content.ModernAsyncTask$Status valueOf(java.lang.String)
android.support.v4.view.PagerTabStrip: void setTabIndicatorColor(int)
android.support.v4.view.PagerTabStrip: void setTabIndicatorColorResource(int)
android.support.v4.view.PagerTabStrip: int getTabIndicatorColor()
android.support.v4.view.PagerTabStrip: void setTextSpacing(int)
android.support.v4.view.PagerTabStrip: void setBackgroundDrawable(android.graphics.drawable.Drawable)
android.support.v4.view.PagerTabStrip: void setBackgroundColor(int)
android.support.v4.view.PagerTabStrip: void setBackgroundResource(int)
android.support.v4.view.PagerTabStrip: void setDrawFullUnderline(boolean)
android.support.v4.view.PagerTabStrip: boolean getDrawFullUnderline()
android.support.v4.view.PagerTabStrip: int getMinHeight()
android.support.v4.view.PagerTitleStrip: void setSingleLineAllCaps(android.widget.TextView)
android.support.v4.view.PagerTitleStrip: void setTextSpacing(int)
android.support.v4.view.PagerTitleStrip: int getTextSpacing()
android.support.v4.view.PagerTitleStrip: void setNonPrimaryAlpha(float)
android.support.v4.view.PagerTitleStrip: void setTextColor(int)
android.support.v4.view.PagerTitleStrip: void setGravity(int)
android.support.v4.view.PagerTitleStrip: int getMinHeight()
android.support.v4.view.ViewPager: ViewPager(android.content.Context)
android.support.v4.view.ViewPager: ViewPager(android.content.Context,android.util.AttributeSet)
android.support.v4.view.ViewPager: void setScrollState(int)
android.support.v4.view.ViewPager: void setAdapter(android.support.v4.view.PagerAdapter)
android.support.v4.view.ViewPager: android.support.v4.view.PagerAdapter getAdapter()
android.support.v4.view.ViewPager: void setOnAdapterChangeListener(android.support.v4.view.ViewPager$OnAdapterChangeListener)
android.support.v4.view.ViewPager: int getClientWidth()
android.support.v4.view.ViewPager: void setCurrentItem(int)
android.support.v4.view.ViewPager: int getCurrentItem()
android.support.v4.view.ViewPager: void setOnPageChangeListener(android.support.v4.view.ViewPager$OnPageChangeListener)
android.support.v4.view.ViewPager: void setChildrenDrawingOrderEnabledCompat(boolean)
android.support.v4.view.ViewPager: int getOffscreenPageLimit()
android.support.v4.view.ViewPager: void setOffscreenPageLimit(int)
android.support.v4.view.ViewPager: void setPageMargin(int)
android.support.v4.view.ViewPager: int getPageMargin()
android.support.v4.view.ViewPager: void setPageMarginDrawable(android.graphics.drawable.Drawable)
android.support.v4.view.ViewPager: void setPageMarginDrawable(int)
android.support.v4.view.ViewPager: void setScrollingCacheEnabled(boolean)
android.support.v4.view.ViewPager$SavedState
android.support.v4.view.ViewPager$SavedState: android.os.Parcelable$Creator CREATOR