proguard/mapping.txt
com.android.appcms.BaseActivity -> com.android.appcms.BaseActivity:
    android.widget.TextView tvRecommend -> x
    android.widget.TextView tvGame -> y
    android.widget.TextView tvSoft -> z
    android.widget.TextView tvTopic -> A
    android.widget.TextView tvJingxuan -> B
    android.widget.TextView tvFenlei -> C
    android.widget.TextView currentTV -> D
    long mExitTime -> E
    com.appcms.fenlei.FenleiInfoLVFragment fenleiInfoLVFragment -> F
    android.widget.TextView etSearch -> G
    android.widget.TextView tvBangDan -> H
    com.appcms.bangdan.BDFragment bdFragment -> I
    com.android.soft.SoftFragment softFragment -> n
    com.android.game.GameFragment gameFragment -> o
    com.appcms.fenlei.FenleiFragment fenleiFragment -> p
    com.appcms.topic.TopicZtFragment topicZtFragment -> q
    com.appcms.topic.TopicListFragment topicListFragment -> r
    com.appcms.recommend.RecFragment recFragment -> s
    com.android.appcms.BaseViewPageAdapter pagerAdapter -> t
    android.widget.ProgressBar bar -> u
    java.util.ArrayList fragments -> v
    com.android.appcms.BaseViewPage pager -> w
    void onCreate(android.os.Bundle) -> onCreate
    void initView() -> f
    void onStart() -> onStart
    boolean onTouch(android.view.View,android.view.MotionEvent) -> onTouch
    void changeTVPressedTure(android.widget.TextView) -> a
    boolean onKeyDown(int,android.view.KeyEvent) -> onKeyDown
    void onDestroy() -> onDestroy
com.android.appcms.BaseActivity$1 -> com.android.appcms.a:
    com.android.appcms.BaseActivity this$0 -> a
    void onClick(android.view.View) -> onClick
com.android.appcms.BaseBroadcast -> com.android.appcms.BaseBroadcast:
    void onReceive(android.content.Context,android.content.Intent) -> onReceive
com.android.appcms.BaseFragment -> com.android.appcms.b:
    boolean isVisible -> P
    void setUserVisibleHint(boolean) -> c
    void onVisible() -> B
    void onInvisible() -> C
    void lazyLoad() -> D
com.android.appcms.BaseService -> com.android.appcms.BaseService:
    android.os.IBinder onBind(android.content.Intent) -> onBind
    void onCreate() -> onCreate
com.android.appcms.BaseService$1 -> com.android.appcms.c:
    com.android.appcms.BaseService this$0 -> a
    void run() -> run
com.android.appcms.BaseService$1$1 -> com.android.appcms.d:
    com.android.appcms.BaseService$1 this$1 -> a
    void jsonBack(java.lang.String) -> a
com.android.appcms.BaseService$1$1$1 -> com.android.appcms.e:
    com.android.appcms.BaseService$1$1 this$2 -> a
    java.lang.String val$jsonstr -> b
    void isDode(boolean) -> a
com.android.appcms.BaseViewPage -> com.android.appcms.BaseViewPage:
    boolean scrollble -> a
    boolean onTouchEvent(android.view.MotionEvent) -> onTouchEvent
    boolean onInterceptTouchEvent(android.view.MotionEvent) -> onInterceptTouchEvent
    void setScrollble(boolean) -> setScrollble
com.android.appcms.BaseViewPageAdapter -> com.android.appcms.f:
    java.util.ArrayList fragments -> a
    android.support.v4.app.Fragment getItem(int) -> a
    int getCount() -> b
com.android.appcms.LogoActivity -> com.android.appcms.LogoActivity:
    void onCreate(android.os.Bundle) -> onCreate
    void onResume() -> onResume
    void onPause() -> onPause
    boolean onCreateOptionsMenu(android.view.Menu) -> onCreateOptionsMenu
com.android.appcms.LogoActivity$1 -> com.android.appcms.g:
    com.android.appcms.LogoActivity this$0 -> a
    void run() -> run
...
com.appcms.push.PushActivity -> com.appcms.push.PushActivity:
    com.appcms.object.AppCmsObj app -> b
    com.android.appcms.MyApplication application -> c
    int errorCount -> d
    android.widget.TextView tvTitle -> e
    android.widget.TextView tvSize -> f
    android.widget.ImageView ivlogo -> g
    android.widget.TextView tvIntro -> h
    java.lang.String appId -> i
    com.appcms.push.PushActivity context -> j
    android.widget.LinearLayout hscrollViewLin -> k
    android.widget.ImageView ivDown -> l
    java.util.ArrayList photoAdd -> m
    int count -> a
    void onCreate(android.os.Bundle) -> onCreate
    void parseImgJson(java.lang.String) -> a
    void initView() -> f
    void parseJson(java.lang.String) -> b
    void updateView() -> a
    android.view.View getImageView(java.lang.String) -> c
    android.graphics.Bitmap decodeBitmapFromFile(java.lang.String,int,int) -> a
    int calculateInSampleSize(android.graphics.BitmapFactory$Options,int,int) -> a
    void updateImgView() -> b
    void onResume() -> onResume
    void onPause() -> onPause
    boolean onKeyDown(int,android.view.KeyEvent) -> onKeyDown
    com.android.appcms.MyApplication access$0() -> c
    java.lang.String access$1() -> d
    com.appcms.object.AppCmsObj access$2() -> e
com.appcms.push.PushActivity$1 -> com.appcms.push.a:
    com.appcms.push.PushActivity this$0 -> a
    void jsonBack(java.lang.String) -> a
com.appcms.push.PushActivity$2 -> com.appcms.push.b:
    void isDode(boolean) -> a
com.appcms.push.PushActivity$3 -> com.appcms.push.c:
    void jsonBack(java.lang.String) -> a
com.appcms.push.PushActivity$4 -> com.appcms.push.d:
    void isDode(boolean) -> a
com.appcms.push.PushActivity$5 -> com.appcms.push.e:
    void onClick(android.view.View) -> onClick
com.appcms.push.PushActivity$6 -> com.appcms.push.f:
    void jsonBack(java.lang.String) -> a
com.appcms.recommend.RecFragment -> com.appcms.c.a:
    java.util.ArrayList apps -> Q
    android.widget.ListView lv -> R
    com.android.appcms.MyApplication application -> S
    int errorCount -> T
    int mCurIndex -> U
    boolean isPrepared -> V
    boolean mHasLoadedOnce -> W
    android.view.View view -> X
    int page -> Y
    boolean turnPage -> Z
    boolean isUpdata -> aa
    com.appcms.recommend.RecommendLvAdapter adapter -> ab
    com.appcms.recommend.RecFragment newInstance(int) -> a
    android.view.View onCreateView(android.view.LayoutInflater,android.view.ViewGroup,android.os.Bundle) -> a
    void initLinster() -> K
    void addData() -> E
    void initData() -> F
    void parseJson(java.lang.String) -> a
    void updataView() -> G
    void lazyLoad() -> D
    void reUpdata() -> H
    boolean access$0() -> I
    boolean access$1(com.appcms.recommend.RecFragment) -> a
    void access$2(boolean) -> d
    int access$3() -> J
    void access$4(int) -> b
    void access$5(com.appcms.recommend.RecFragment,boolean) -> a
com.appcms.recommend.RecFragment$1 -> com.appcms.c.b:
    com.appcms.recommend.RecFragment this$0 -> a
    void onScrollStateChanged(android.widget.AbsListView,int) -> onScrollStateChanged
    void onScroll(android.widget.AbsListView,int,int,int) -> onScroll
com.appcms.recommend.RecFragment$2 -> com.appcms.c.c:
    com.appcms.recommend.RecFragment this$0 -> a
    void jsonBack(java.lang.String) -> a
com.appcms.recommend.RecFragment$3 -> com.appcms.c.d:
    void jsonBack(java.lang.String) -> a
com.appcms.recommend.RecFragment$4 -> com.appcms.c.e:
    void isDode(boolean) -> a